<?xml version="1.0" encoding="UTF-8"?>
<!-- Generated by org.testng.reporters.JUnitReportReporter -->
<testsuite skipped="0" hostname="DESKTOP-LAQ1V6H" name="com.digitalcompass.testCases.DCom_TC_001" tests="1" failures="0" timestamp="09 Apr 2021 01:39:38 GMT" time="14.304" errors="0">
  <testcase name="loginTest" time="14.304" classname="com.digitalcompass.testCases.DCom_TC_001"/>
</testsuite> <!-- com.digitalcompass.testCases.DCom_TC_001 -->
